terminal/build/intermediates/manifest_merge_blame_file/debug/processDebugManifest/manifest-merger-blame-debug-report.txt
1<?xml version="1.0" encoding="utf-8"?>
2<manifest xmlns:android="http://schemas.android.com/apk/res/android"
3    package="com.kymjs.ai.custard.terminal" >
4
5    <uses-sdk android:minSdkVersion="26" />
6
7    <uses-permission android:name="android.permission.INTERNET" />
7-->src/main/AndroidManifest.xml:4:5-67
7-->src/main/AndroidManifest.xml:4:22-64
8    <uses-permission android:name="android.permission.ACCESS_NETWORK_STATE" />
8-->src/main/AndroidManifest.xml:5:5-79
8-->src/main/AndroidManifest.xml:5:22-76
9
10    <application>
10-->src/main/AndroidManifest.xml:7:5-24:19
11
12        <!-- Ubuntu File System Documents Provider for SAF -->
13        <provider
13-->src/main/AndroidManifest.xml:9:9-18:20
14            android:name="com.kymjs.ai.custard.terminal.provider.UbuntuDocumentsProvider"
14-->src/main/AndroidManifest.xml:10:13-61
15            android:authorities="com.kymjs.ai.custard.documents.ubuntu"
15-->src/main/AndroidManifest.xml:11:13-72
16            android:exported="true"
16-->src/main/AndroidManifest.xml:12:13-36
17            android:grantUriPermissions="true"
17-->src/main/AndroidManifest.xml:13:13-47
18            android:permission="android.permission.MANAGE_DOCUMENTS" >
18-->src/main/AndroidManifest.xml:14:13-69
19            <intent-filter>
19-->src/main/AndroidManifest.xml:15:13-17:29
20                <action android:name="android.content.action.DOCUMENTS_PROVIDER" />
20-->src/main/AndroidManifest.xml:16:17-84
20-->src/main/AndroidManifest.xml:16:25-81
21            </intent-filter>
22        </provider>
23
24        <service
24-->src/main/AndroidManifest.xml:20:9-23:40
25            android:name="com.kymjs.ai.custard.terminal.service.TerminalService"
25-->src/main/AndroidManifest.xml:21:13-52
26            android:enabled="true"
26-->src/main/AndroidManifest.xml:22:13-35
27            android:exported="false" />
27-->src/main/AndroidManifest.xml:23:13-37
28    </application>
29
30</manifest>